<?xml version="1.0" encoding="UTF-8"?>
<!-- Generated by org.testng.reporters.JUnitReportReporter -->
<testsuite hostname="DESKTOP-L1HQCGI" failures="0" tests="10" name="Runner.RunTest" time="118.454" errors="0" timestamp="2022-05-15T20:59:27 EET" skipped="0">
  <testcase classname="Runner.RunTest" name="runScenario" time="0.973"/>
  <system-out/>
  <testcase classname="Runner.RunTest" name="runScenario" time="69.484"/>
  <system-out/>
  <testcase classname="Runner.RunTest" name="runScenario" time="5.695"/>
  <system-out/>
  <testcase classname="Runner.RunTest" name="runScenario" time="8.837"/>
  <system-out/>
  <testcase classname="Runner.RunTest" name="runScenario" time="9.240"/>
  <system-out/>
  <testcase classname="Runner.RunTest" name="runScenario" time="4.812"/>
  <system-out/>
  <testcase classname="Runner.RunTest" name="runScenario" time="6.151"/>
  <system-out/>
  <testcase classname="Runner.RunTest" name="runScenario" time="2.631"/>
  <system-out/>
  <testcase classname="Runner.RunTest" name="runScenario" time="2.225"/>
  <system-out/>
  <testcase classname="Runner.RunTest" name="runScenario" time="8.406"/>
  <system-out/>
</testsuite> <!-- Runner.RunTest -->
